<?xml version="1.0" encoding="UTF-8"?>
<!-- Generated by org.testng.reporters.JUnitReportReporter -->
<testsuite hostname="Indu" failures="0" tests="1" name="KonaKart_Tests.TC01_VerifyHomePage" time="9.212" errors="0" timestamp="2021-12-31T16:30:59 IST" skipped="0">
  <testcase classname="KonaKart_Tests.TC01_VerifyHomePage" name="verifyHomepageTitle" time="9.212"/>
  <system-out/>
</testsuite> <!-- KonaKart_Tests.TC01_VerifyHomePage -->
